2023-09-05 08:27:06,988 =============================================================
2023-09-05 08:27:06,988 =============================================================
2023-09-05 08:27:06,988 Today is 2023-09-05 at 08:27 AM
2023-09-05 08:27:06,988 This file is running on: posix Darwin 21.1.0
2023-09-05 08:27:06,988 The Python version is: 3.11.4
2023-09-05 08:27:06,988 The active conda environment is:  None
2023-09-05 08:27:06,988 The active pip environment is:    None
2023-09-05 08:27:06,988 The active environment path is:   /Library/Frameworks/Python.framework/Versions/3.11
2023-09-05 08:27:06,988 The current working directory is: /Users/prabha/Documents/CSIS-44608/datafun-03-datatypes
2023-09-05 08:27:06,988 This source file is in:           /Users/prabha/Documents/CSIS-44608/datafun-03-datatypes
2023-09-05 08:27:06,988 =============================================================
2023-09-05 08:27:06,988 =============================================================
2023-09-05 08:27:06,988 Calling functions from main block
2023-09-05 08:27:06,988 tupleA = (1, 2, 3, 4, 5)
2023-09-05 08:27:06,988 tupleB = (4, 5, 6, 7, 8)
2023-09-05 08:27:06,988 tupleA = (1, 2, 3, 4, 5)
2023-09-05 08:27:06,988 tupleB = (4, 5, 6, 7, 8)
2023-09-05 08:27:06,988 tupleCat = (1, 2, 3, 4, 5, 4, 5, 6, 7, 8)
2023-09-05 08:27:06,988 tupleAThrice = (1, 2, 3, 4, 5, 1, 2, 3, 4, 5, 1, 2, 3, 4, 5)
2023-09-05 08:27:06,988 Quotient: 3, Remainder: 1
2023-09-05 08:27:06,988 setA = {1, 2, 3, 4, 5}
2023-09-05 08:27:06,988 setB = {4, 5, 6, 7, 8}
2023-09-05 08:27:06,988 dogA_dict = {'name': 'Rex', 'age': 2, 'weight_kg': 13.4}
2023-09-05 08:27:06,988 dogB_dict = {'name': 'Fido', 'age': 3, 'weight_kg': 15.2}
2023-09-05 08:27:06,988 assessment_dict = {'low': 0, 'medium': 1, 'high': 2}
2023-09-05 08:27:06,988 data_dict = {'name': ['Alice', 'Bob', 'Charlie', 'David'], 'age': [25, 30, 35, 40], 'income': [50000, 60000, 70000, 80000]}
2023-09-05 08:27:06,988 Word count is a good way to begin processing text.
2023-09-05 08:27:06,988 Given text_simple.txt, the word_counts_dict = {'One': 1, 'fish': 3, 'two': 1, 'red': 1, 'blue': 1, 'fish.': 1}
2023-09-05 08:27:06,988 Given text_simple.txt and comprehensions,
2023-09-05 08:27:06,989 the the word_counts_dict2 = {'One': 1, 'fish': 3, 'two': 1, 'red': 1, 'blue': 1, 'fish.': 1}
2023-09-05 08:27:06,989 Add more logging statements to the code to see what happens.
2023-09-05 08:27:06,989 Explore enough to understand.
2023-09-05 08:27:06,989 Apply these skills to your own topic domain.
