2023-09-07 18:27:42,915 =============================================================
2023-09-07 18:27:42,915 =============================================================
2023-09-07 18:27:42,915 Today is 2023-09-07 at 06:27 PM
2023-09-07 18:27:42,915 This file is running on: posix Darwin 21.1.0
2023-09-07 18:27:42,915 The Python version is: 3.11.4
2023-09-07 18:27:42,915 The active conda environment is:  None
2023-09-07 18:27:42,915 The active pip environment is:    None
2023-09-07 18:27:42,915 The active environment path is:   /Library/Frameworks/Python.framework/Versions/3.11
2023-09-07 18:27:42,915 The current working directory is: /Users/prabha/Documents/CSIS-44608/datafun-03-datatypes
2023-09-07 18:27:42,915 This source file is in:           /Users/prabha/Documents/CSIS-44608/datafun-03-datatypes
2023-09-07 18:27:42,915 =============================================================
2023-09-07 18:27:42,915 =============================================================
2023-09-07 18:27:42,915 Calling functions from main block
2023-09-07 18:27:42,915 Calling process_text_woodchuck()
2023-09-07 18:27:42,915 The list of words is: ['How', 'much', 'wood', 'would', 'a', 'woodchuck', 'chuck', 'if', 'a', 'woodchuck', 'could', 'chuck', 'wood?', 'He', 'would', 'chuck,', 'he', 'would,', 'as', 'much', 'as', 'he', 'could,', 'and', 'chuck', 'as', 'much', 'wood', 'as', 'a', 'woodchuck', 'would', 'if', 'a', 'woodchuck', 'could', 'chuck', 'wood.']
2023-09-07 18:27:42,915 There are 38 words in the file.
2023-09-07 18:27:42,915 The set of unique words is: {'could,', 'wood?', 'chuck', 'and', 'as', 'he', 'wood.', 'wood', 'if', 'much', 'woodchuck', 'would,', 'chuck,', 'a', 'He', 'How', 'would', 'could'}
2023-09-07 18:27:42,915 There are 18 unique words in the file.
2023-09-07 18:27:42,915 Calling create_random_sentence()
2023-09-07 18:27:42,915 Random sentence: The sad cat swims scaredly.
2023-09-07 18:27:42,915 Calling create_random_sentence()
2023-09-07 18:27:42,915 Random sentence: The sad fish studies slowly.
2023-09-07 18:27:42,915 Calling play_game()
2023-09-07 18:27:42,915 ready_for_continous_game = True
