2023-09-08 13:34:16,937 =============================================================
2023-09-08 13:34:16,937 =============================================================
2023-09-08 13:34:16,938 Today is 2023-09-08 at 01:34 PM
2023-09-08 13:34:16,938 This file is running on: posix Darwin 21.1.0
2023-09-08 13:34:16,938 The Python version is: 3.11.4
2023-09-08 13:34:16,938 The active conda environment is:  None
2023-09-08 13:34:16,938 The active pip environment is:    None
2023-09-08 13:34:16,938 The active environment path is:   /Library/Frameworks/Python.framework/Versions/3.11
2023-09-08 13:34:16,938 The current working directory is: /Users/prabha/Documents/CSIS-44608/datafun-03-datatypes
2023-09-08 13:34:16,938 This source file is in:           /Users/prabha/Documents/CSIS-44608/datafun-03-datatypes
2023-09-08 13:34:16,938 =============================================================
2023-09-08 13:34:16,938 =============================================================
2023-09-08 13:34:16,938 Calling functions from main block
2023-09-08 13:34:16,938 new tuple using set(): ('MO', 'NY', 'IA', 'KS', 'NC', 'UT', 'TX', 'KY', 'TN')
2023-09-08 13:34:16,938 combined list into tuple: (('cherry', 'large'), ('roma', 'medium'), ('vine', 'small'), ('heirloom', 'large'), ('cocktail', 'medium'))
2023-09-08 13:34:16,938 -----------------------------------------------
2023-09-08 13:34:16,938 Random value selected from variety: ['cherry', 'roma', 'vine', 'heirloom', 'cocktail', 'red beefsteak']
2023-09-08 13:34:16,938 Random variety is : vine
2023-09-08 13:34:16,938 Calling create_random_sentence()
2023-09-08 13:34:16,938 Random sentence is The cherry tomatoes is red while harvesting !! There is loss  in red beefsteak farming !
2023-09-08 13:34:16,938 Calling process_text_zen_of_python
2023-09-08 13:34:16,938 The list of words is: ['Beautiful', 'is', 'better', 'than', 'ugly.', 'Explicit', 'is', 'better', 'than', 'implicit.', 'Simple', 'is', 'better', 'than', 'complex.', 'Complex', 'is', 'better', 'than', 'complicated.', 'Flat', 'is', 'better', 'than', 'nested.', 'Sparse', 'is', 'better', 'than', 'dense.', 'Readability', 'counts.', 'Special', 'cases', "aren't", 'special', 'enough', 'to', 'break', 'the', 'rules.', 'Although', 'practicality', 'beats', 'purity.', 'Errors', 'should', 'never', 'pass', 'silently.', 'Unless', 'explicitly', 'silenced.', 'In', 'the', 'face', 'of', 'ambiguity,', 'refuse', 'the', 'temptation', 'to', 'guess.', 'There', 'should', 'be', 'one--', 'and', 'preferably', 'only', 'one', '--obvious', 'way', 'to', 'do', 'it.', 'Although', 'that', 'way', 'may', 'not', 'be', 'obvious', 'at', 'first', 'unless', "you're", 'Dutch.', 'Now', 'is', 'better', 'than', 'never.', 'Although', 'never', 'is', 'often', 'better', 'than', '*right*', 'now.', 'If', 'the', 'implementation', 'is', 'hard', 'to', 'explain,', "it's", 'a', 'bad', 'idea.', 'If', 'the', 'implementation', 'is', 'easy', 'to', 'explain,', 'it', 'may', 'be', 'a', 'good', 'idea.', 'Namespaces', 'are', 'one', 'honking', 'great', 'idea', '--', "let's", 'do', 'more', 'of', 'those!']
2023-09-08 13:34:16,938 The sorted lis of words is: ['*right*', '--', '--obvious', 'Although', 'Although', 'Although', 'Beautiful', 'Complex', 'Dutch.', 'Errors', 'Explicit', 'Flat', 'If', 'If', 'In', 'Namespaces', 'Now', 'Readability', 'Simple', 'Sparse', 'Special', 'There', 'Unless', 'a', 'a', 'ambiguity,', 'and', 'are', "aren't", 'at', 'bad', 'be', 'be', 'be', 'beats', 'better', 'better', 'better', 'better', 'better', 'better', 'better', 'better', 'break', 'cases', 'complex.', 'complicated.', 'counts.', 'dense.', 'do', 'do', 'easy', 'enough', 'explain,', 'explain,', 'explicitly', 'face', 'first', 'good', 'great', 'guess.', 'hard', 'honking', 'idea', 'idea.', 'idea.', 'implementation', 'implementation', 'implicit.', 'is', 'is', 'is', 'is', 'is', 'is', 'is', 'is', 'is', 'is', 'it', "it's", 'it.', "let's", 'may', 'may', 'more', 'nested.', 'never', 'never', 'never.', 'not', 'now.', 'obvious', 'of', 'of', 'often', 'one', 'one', 'one--', 'only', 'pass', 'practicality', 'preferably', 'purity.', 'refuse', 'rules.', 'should', 'should', 'silenced.', 'silently.', 'special', 'temptation', 'than', 'than', 'than', 'than', 'than', 'than', 'than', 'than', 'that', 'the', 'the', 'the', 'the', 'the', 'those!', 'to', 'to', 'to', 'to', 'to', 'ugly.', 'unless', 'way', 'way', "you're"]
2023-09-08 13:34:16,938 There are 137 words in the file.
2023-09-08 13:34:16,938 The set of unique words is: {'complicated.', 'Now', 'face', 'never.', 'Simple', 'better', '--', 'preferably', 'guess.', 'cases', 'only', 'first', 'idea.', 'break', 'practicality', 'good', "let's", 'pass', 'beats', 'a', 'Unless', 'great', 'to', 'the', 'dense.', 'be', 'never', '*right*', 'obvious', 'idea', 'Complex', 'special', 'Explicit', 'it', 'silently.', 'implicit.', 'complex.', 'silenced.', 'than', 'Beautiful', 'enough', 'In', 'at', 'those!', 'Special', 'implementation', 'If', '--obvious', 'bad', 'temptation', 'is', 'now.', 'honking', "you're", 'not', "aren't", 'are', 'explicitly', 'ambiguity,', 'way', "it's", 'counts.', 'purity.', 'easy', 'Although', 'Flat', 'may', 'and', 'ugly.', 'nested.', 'one--', 'Dutch.', 'Sparse', 'There', 'one', 'Errors', 'Readability', 'unless', 'Namespaces', 'hard', 'should', 'rules.', 'of', 'it.', 'that', 'more', 'do', 'often', 'explain,', 'refuse'}
2023-09-08 13:34:16,938 There are 90 unique words in the file.
