2023-09-07 20:29:01,102 =============================================================
2023-09-07 20:29:01,102 =============================================================
2023-09-07 20:29:01,102 Today is 2023-09-07 at 08:29 PM
2023-09-07 20:29:01,102 This file is running on: posix Darwin 21.1.0
2023-09-07 20:29:01,102 The Python version is: 3.11.4
2023-09-07 20:29:01,102 The active conda environment is:  None
2023-09-07 20:29:01,102 The active pip environment is:    None
2023-09-07 20:29:01,102 The active environment path is:   /Library/Frameworks/Python.framework/Versions/3.11
2023-09-07 20:29:01,102 The current working directory is: /Users/prabha/Documents/CSIS-44608/datafun-03-datatypes
2023-09-07 20:29:01,102 This source file is in:           /Users/prabha/Documents/CSIS-44608/datafun-03-datatypes
2023-09-07 20:29:01,102 =============================================================
2023-09-07 20:29:01,102 =============================================================
2023-09-07 20:29:01,102 CALLING functions
2023-09-07 20:29:01,102 CALLING measures_of_central_tendency
2023-09-07 20:29:01,102 Points scored: [3, 5, 8, 9, 2, 12, 14, 19, 2, 8, 8, 10, 9, 9, 7, 11, 15, 19, 7, 7, 7, 11, 3, 3, 1, 16, 11, 4, 4, 8, 10]
2023-09-07 20:29:01,102 Range to 10: [1, 2, 3, 4, 5, 6, 7, 8, 9, 10]
2023-09-07 20:29:01,103 Leafnumbers mean is: 8.45
2023-09-07 20:29:01,103 Leafrnumbers median is: 8
2023-09-07 20:29:01,103 Leafnumbers mode is : 8
2023-09-07 20:29:01,103 Leafnumbers standard deviation is: 4.76
2023-09-07 20:29:01,103 Leafnumbers variance is: 22.66
2023-09-07 20:29:01,103 ***==============================================***
2023-09-07 20:29:01,103 CALLING correlation_function
2023-09-07 20:29:01,103 Listx:[1, 2, 3, 4, 5, 6, 7, 8, 9, 10]
2023-09-07 20:29:01,103 Listy:[1, 2, 2, 3, 5, 4, 4, 6, 4, 5]
2023-09-07 20:29:01,103 correlation between x and y is: 0.8374357893586237
2023-09-07 20:29:01,103 The equation of the best fit line is: y = 0.43636363636363634x + 1.2000000000000002
2023-09-07 20:29:01,103 We predict that when x = 15, y will be about 7.745454545454545
2023-09-07 20:29:01,103 ***==============================================***
2023-09-07 20:29:01,103 CALLING list_info
2023-09-07 20:29:01,103 General information for the following list: [3, 5, 8, 9, 2, 12, 14, 19, 2, 8, 8, 10, 9, 9, 7, 11, 15, 19, 7, 7, 7, 11, 3, 3, 1, 16, 11, 4, 4, 8, 10]
2023-09-07 20:29:01,103 The min of list1 is 1
2023-09-07 20:29:01,103 The msx of list1 is 19
2023-09-07 20:29:01,103 The length of list1 is 31
2023-09-07 20:29:01,103 The total of list1 is 262
2023-09-07 20:29:01,103 The average of list 1 is 8.45
2023-09-07 20:29:01,103 The set of list1 is {1, 2, 3, 4, 5, 7, 8, 9, 10, 11, 12, 14, 15, 16, 19}
2023-09-07 20:29:01,103 List1 sorted is [1, 2, 2, 3, 3, 3, 4, 4, 5, 7, 7, 7, 7, 8, 8, 8, 8, 9, 9, 9, 10, 10, 11, 11, 11, 12, 14, 15, 16, 19, 19]
2023-09-07 20:29:01,103 List1 sorted and reversed is [19, 19, 16, 15, 14, 12, 11, 11, 11, 10, 10, 9, 9, 9, 8, 8, 8, 8, 7, 7, 7, 7, 5, 4, 4, 3, 3, 3, 2, 2, 1]
2023-09-07 20:29:01,103 ***==============================================***
2023-09-07 20:29:01,103 CALLING list_methods
2023-09-07 20:29:01,103 Short list = [1, 2, 3, 4, 5]
2023-09-07 20:29:01,103 Appending 6 to list gives [1, 2, 3, 4, 5, 6]
2023-09-07 20:29:01,103 Extending list with [6, 7, 8] gives [1, 2, 3, 4, 5, 6, 6, 7, 8]
2023-09-07 20:29:01,103 Inserting value 44 to position 4 gives [1, 2, 3, 4, 44, 5, 6, 6, 7, 8]
2023-09-07 20:29:01,103 Removing number 5 from list gives [1, 2, 3, 4, 44, 6, 6, 7, 8]
2023-09-07 20:29:01,103 How many times is 2 in lst: 1
2023-09-07 20:29:01,103 Sorted list = [1, 2, 3, 4, 6, 6, 7, 8, 44]
2023-09-07 20:29:01,104 Descending sorted list = [44, 8, 7, 6, 6, 4, 3, 2, 1]
2023-09-07 20:29:01,104 new_lst is = [44, 8, 7, 6, 6, 4, 3, 2, 1]
2023-09-07 20:29:01,104 Popped the first (index=0): 44 and now, new_lst is: [8, 7, 6, 6, 4, 3, 2, 1]
2023-09-07 20:29:01,104 Popped the last (index=-1): 1 and now, new_lst is: [8, 7, 6, 6, 4, 3, 2]
2023-09-07 20:29:01,104 ***==============================================***
2023-09-07 20:29:01,104 CALLING list_transformation
2023-09-07 20:29:01,104 General transformations of list1: [3, 5, 8, 9, 2, 12, 14, 19, 2, 8, 8, 10, 9, 9, 7, 11, 15, 19, 7, 7, 7, 11, 3, 3, 1, 16, 11, 4, 4, 8, 10]
2023-09-07 20:29:01,104 The leafnumbers that are greater than or equal to 12 are: [12, 14, 19, 15, 19, 16]
2023-09-07 20:29:01,104 The leafnumbers cube rooted are: [1.4422495703074083, 1.709975946676697, 2.0, 2.080083823051904, 1.2599210498948732, 2.2894284851066637, 2.41014226417523, 2.668401648721945, 1.2599210498948732, 2.0, 2.0, 2.154434690031884, 2.080083823051904, 2.080083823051904, 1.9129311827723892, 2.2239800905693157, 2.4662120743304703, 2.668401648721945, 1.9129311827723892, 1.9129311827723892, 1.9129311827723892, 2.2239800905693157, 1.4422495703074083, 1.4422495703074083, 1.0, 2.5198420997897464, 2.2239800905693157, 1.5874010519681996, 1.5874010519681996, 2.0, 2.154434690031884]
2023-09-07 20:29:01,104 The volume of cube with side equal to 5 is 125
2023-09-07 20:29:01,104 ***==============================================***
2023-09-07 20:29:01,104 CALLING list_transformation_comprehensions
2023-09-07 20:29:01,104 General list transformations using comprehensions of list1: [3, 5, 8, 9, 2, 12, 14, 19, 2, 8, 8, 10, 9, 9, 7, 11, 15, 19, 7, 7, 7, 11, 3, 3, 1, 16, 11, 4, 4, 8, 10]
2023-09-07 20:29:01,104 The plants with leafnumbers that are greater than 10 are: [12, 14, 19, 11, 15, 19, 11, 16, 11]
2023-09-07 20:29:01,104 The leafnumbers trippled are: [9, 15, 24, 27, 6, 36, 42, 57, 6, 24, 24, 30, 27, 27, 21, 33, 45, 57, 21, 21, 21, 33, 9, 9, 3, 48, 33, 12, 12, 24, 30]
2023-09-07 20:29:01,104 leafnumbers square rooted are: [1.7320508075688772, 2.23606797749979, 2.8284271247461903, 3.0, 1.4142135623730951, 3.4641016151377544, 3.7416573867739413, 4.358898943540674, 1.4142135623730951, 2.8284271247461903, 2.8284271247461903, 3.1622776601683795, 3.0, 3.0, 2.6457513110645907, 3.3166247903554, 3.872983346207417, 4.358898943540674, 2.6457513110645907, 2.6457513110645907, 2.6457513110645907, 3.3166247903554, 1.7320508075688772, 1.7320508075688772, 1.0, 4.0, 3.3166247903554, 2.0, 2.0, 2.8284271247461903, 3.1622776601683795]
